<?xml version="1.0" encoding="UTF-8"?>
<testsuite name="exercise.ApplicationTest" tests="1" skipped="0" failures="0" errors="0" timestamp="2025-02-05T19:05:31" hostname="LAPTOP-M0FP7CGS" time="1.553">
  <properties/>
  <testcase name="testPosts()" classname="exercise.ApplicationTest" time="1.553"/>
  <system-out><![CDATA[22:05:26.309 [Test worker] INFO org.springframework.test.context.support.AnnotationConfigContextLoaderUtils -- Could not detect default configuration classes for test class [exercise.ApplicationTest]: ApplicationTest does not declare any static, non-private, non-final, nested classes annotated with @Configuration.
22:05:26.523 [Test worker] INFO org.springframework.boot.test.context.SpringBootTestContextBootstrapper -- Found @SpringBootConfiguration exercise.Application for test class exercise.ApplicationTest
22:05:27.184 [Test worker] INFO org.springframework.boot.devtools.restart.RestartApplicationListener -- Restart disabled due to context in which it is running

  .   ____          _            __ _ _
 /\\ / ___'_ __ _ _(_)_ __  __ _ \ \ \ \
( ( )\___ | '_ | '_| | '_ \/ _` | \ \ \ \
 \\/  ___)| |_)| | | | | || (_| |  ) ) ) )
  '  |____| .__|_| |_|_| |_\__, | / / / /
 =========|_|==============|___/=/_/_/_/
 :: Spring Boot ::                (v3.2.2)

2025-02-05T22:05:28.001+03:00  INFO 232204 --- [    Test worker] exercise.ApplicationTest                 : Starting ApplicationTest using Java 21.0.4 with PID 232204 (started by user_1 in /home/user_1/Hexlet/hexlet-assignments/java-spring-boot-ru/rest-api)
2025-02-05T22:05:28.004+03:00  INFO 232204 --- [    Test worker] exercise.ApplicationTest                 : No active profile set, falling back to 1 default profile: "default"
2025-02-05T22:05:31.473+03:00  INFO 232204 --- [    Test worker] o.s.b.t.m.w.SpringBootMockServletContext : Initializing Spring TestDispatcherServlet ''
2025-02-05T22:05:31.474+03:00  INFO 232204 --- [    Test worker] o.s.t.web.servlet.TestDispatcherServlet  : Initializing Servlet ''
2025-02-05T22:05:31.489+03:00  INFO 232204 --- [    Test worker] o.s.t.web.servlet.TestDispatcherServlet  : Completed initialization in 11 ms
2025-02-05T22:05:31.557+03:00  INFO 232204 --- [    Test worker] exercise.ApplicationTest                 : Started ApplicationTest in 4.39 seconds (process running for 6.625)
2025-02-05T22:05:32.778+03:00  INFO 232204 --- [    Test worker] o.s.b.t.m.w.SpringBootMockServletContext : Initializing Spring TestDispatcherServlet ''
2025-02-05T22:05:32.778+03:00  INFO 232204 --- [    Test worker] o.s.t.web.servlet.TestDispatcherServlet  : Initializing Servlet ''
2025-02-05T22:05:32.780+03:00  INFO 232204 --- [    Test worker] o.s.t.web.servlet.TestDispatcherServlet  : Completed initialization in 2 ms
]]></system-out>
  <system-err><![CDATA[WARNING: A Java agent has been loaded dynamically (/home/user_1/.gradle/caches/modules-2/files-2.1/net.bytebuddy/byte-buddy-agent/1.14.11/f9cb566608fbac6bc7bf54901a7aa11543a989ee/byte-buddy-agent-1.14.11.jar)
WARNING: If a serviceability tool is in use, please run with -XX:+EnableDynamicAgentLoading to hide this warning
WARNING: If a serviceability tool is not in use, please run with -Djdk.instrument.traceUsage for more information
WARNING: Dynamic loading of agents will be disallowed by default in a future release
]]></system-err>
</testsuite>
